<?xml version="1.0" encoding="UTF-8"?>
<!-- Generated by org.testng.reporters.JUnitXMLReporter -->
<testsuite hostname="L10ASO-PF0WLE4Y" name="smoketest" tests="3" failures="0" timestamp="22 Jan 2020 12:50:32 GMT" time="0.008" errors="0">
  <testcase name="loginWebApp" time="0.0" classname="TestNgDemo.homelone"/>
  <testcase name="loginWebApp" time="0.0" classname="TestNgDemo.Agrilone"/>
  <testcase name="loginWebApp" time="0.001" classname="TestNgDemo.carlone"/>
</testsuite> <!-- smoketest -->
