<?xml version="1.0" encoding="UTF-8"?>
<!-- Generated by org.testng.reporters.JUnitXMLReporter -->
<testsuite hostname="L10ASO-PF0WLE4Y" name="Test2" tests="4" failures="0" timestamp="22 Jan 2020 12:50:32 GMT" time="0.025" errors="0">
  <testcase name="completecarlone" time="0.001" classname="TestNgDemo.carlone"/>
  <testcase name="loginWebApp" time="0.003" classname="TestNgDemo.carlone"/>
  <testcase name="loginmobileapp" time="0.002" classname="TestNgDemo.carlone"/>
  <testcase name="takecarlone" time="0.005" classname="TestNgDemo.carlone"/>
</testsuite> <!-- Test2 -->
