<?xml version="1.0" encoding="UTF-8"?>
<!-- Generated by org.testng.reporters.JUnitXMLReporter -->
<testsuite hostname="L10ASO-PF0WLE4Y" name="Test" tests="14" failures="0" timestamp="31 Jan 2020 04:39:11 GMT" time="10.327" errors="0">
  <testcase name="completeAgrilone" time="0.006" classname="TestNgDemo.Agrilone"/>
  <testcase name="loginWebApp" time="0.001" classname="TestNgDemo.Agrilone"/>
  <testcase name="loginmobileapp" time="0.001" classname="TestNgDemo.Agrilone"/>
  <testcase name="setvariables" time="0.009" classname="TestNgDemo.Agrilone"/>
  <testcase name="takeagrilone" time="0.002" classname="TestNgDemo.Agrilone"/>
  <testcase name="completecarlone" time="0.001" classname="TestNgDemo.carlone"/>
  <testcase name="loginWebApp" time="0.002" classname="TestNgDemo.carlone"/>
  <testcase name="loginmobileapp" time="0.001" classname="TestNgDemo.carlone"/>
  <testcase name="takecarlone" time="0.003" classname="TestNgDemo.carlone"/>
  <testcase name="initiatebrowser" time="10.259" classname="TestNgDemo.openmultiplebrowser"/>
  <testcase name="completehomelon" time="0.001" classname="TestNgDemo.homelone"/>
  <testcase name="loginWebApp" time="0.0" classname="TestNgDemo.homelone"/>
  <testcase name="loginmobileapp" time="0.001" classname="TestNgDemo.homelone"/>
  <testcase name="takehome" time="0.001" classname="TestNgDemo.homelone"/>
</testsuite> <!-- Test -->
